<?xml version="1.0" encoding="UTF-8"?>
<!-- Generated by org.testng.reporters.JUnitReportReporter -->
<testsuite hostname="Ankur" failures="0" tests="1" name="removeWishList.DWS_RemoveFromWishList_10_Test" time="15.413" errors="0" timestamp="2023-11-04T15:20:36 IST" skipped="0">
  <testcase classname="removeWishList.DWS_RemoveFromWishList_10_Test" name="Remove_Product_Wishlist" time="15.413"/>
  <system-out/>
</testsuite> <!-- removeWishList.DWS_RemoveFromWishList_10_Test -->
