<?xml version="1.0" encoding="UTF-8"?>
<!-- Generated by org.testng.reporters.JUnitReportReporter -->
<testsuite hostname="Ankur" failures="0" tests="1" name="removeToCompareList.DWS_RemoreFromCart_06_Test" time="11.187" errors="0" timestamp="2023-11-02T14:25:54 IST" skipped="0">
  <testcase classname="removeToCompareList.DWS_RemoreFromCart_06_Test" name="Verify_remove_two_desktop_from_cart" time="11.187"/>
  <system-out/>
</testsuite> <!-- removeToCompareList.DWS_RemoreFromCart_06_Test -->
