<?xml version="1.0" encoding="UTF-8"?>
<!-- Generated by org.testng.reporters.JUnitReportReporter -->
<testsuite hostname="Ankur" failures="0" tests="1" name="addToCart.DWS_AddToCart_03_Test" time="2.405" errors="0" timestamp="2023-11-02T15:05:04 IST" skipped="0">
  <testcase classname="addToCart.DWS_AddToCart_03_Test" name="Verify_adding_the_gift_product_to_Cart" time="2.405"/>
  <system-out/>
</testsuite> <!-- addToCart.DWS_AddToCart_03_Test -->
