<?xml version="1.0" encoding="UTF-8"?>
<!-- Generated by org.testng.reporters.JUnitReportReporter -->
<testsuite hostname="Ankur" failures="0" tests="1" name="Register.DWS_Register_02_Test" time="1.996" errors="0" timestamp="2023-11-02T14:20:50 IST" skipped="0">
  <testcase classname="Register.DWS_Register_02_Test" name="Register_user" time="1.996"/>
  <system-out/>
</testsuite> <!-- Register.DWS_Register_02_Test -->
