<?xml version="1.0" encoding="UTF-8"?>
<!-- Generated by org.testng.reporters.JUnitReportReporter -->
<testsuite hostname="Ankur" failures="0" tests="6" name="FrameworkWorkCheck.ExcelUtilityCheck" time="0.036" errors="0" timestamp="2023-10-27T14:01:02 IST" skipped="0">
  <testcase classname="FrameworkWorkCheck.ExcelUtilityCheck" name="read" time="0.001"/>
  <system-out/>
  <testcase classname="FrameworkWorkCheck.ExcelUtilityCheck" name="read" time="0.027"/>
  <system-out/>
  <testcase classname="FrameworkWorkCheck.ExcelUtilityCheck" name="read" time="0.003"/>
  <system-out/>
  <testcase classname="FrameworkWorkCheck.ExcelUtilityCheck" name="read" time="0.002"/>
  <system-out/>
  <testcase classname="FrameworkWorkCheck.ExcelUtilityCheck" name="read" time="0.001"/>
  <system-out/>
  <testcase classname="FrameworkWorkCheck.ExcelUtilityCheck" name="read" time="0.002"/>
  <system-out/>
</testsuite> <!-- FrameworkWorkCheck.ExcelUtilityCheck -->
