<?xml version="1.0" encoding="UTF-8"?>
<!-- Generated by org.testng.reporters.JUnitReportReporter -->
<testsuite hostname="Ankur" failures="0" tests="1" name="jewelryPriceFilter.DWS_JewelryPriceFilter_07_Test" time="1.619" errors="0" timestamp="2023-11-02T14:25:54 IST" skipped="0">
  <testcase classname="jewelryPriceFilter.DWS_JewelryPriceFilter_07_Test" name="Verify_the_price_filter" time="1.619"/>
  <system-out/>
</testsuite> <!-- jewelryPriceFilter.DWS_JewelryPriceFilter_07_Test -->
