<?xml version="1.0" encoding="UTF-8"?>
<!-- Generated by org.testng.reporters.JUnitReportReporter -->
<testsuite hostname="Ankur" failures="0" tests="1" name="addToCompareList.DWS_AddToCompare_05_Test" time="7.776" errors="0" timestamp="2023-11-02T14:57:23 IST" skipped="0">
  <testcase classname="addToCompareList.DWS_AddToCompare_05_Test" name="Verify_adding_two_desktop_to_cart_and_compare" time="7.776"/>
  <system-out/>
</testsuite> <!-- addToCompareList.DWS_AddToCompare_05_Test -->
